[debug] [2024-06-09T01:06:17.761Z] ----------------------------------------------------------------------
[debug] [2024-06-09T01:06:17.764Z] Command:       C:\Program Files\nodejs\node.exe C:\Program Files\nodejs\node_modules\firebase-tools\lib\bin\firebase.js init
[debug] [2024-06-09T01:06:17.765Z] CLI Version:   13.11.2
[debug] [2024-06-09T01:06:17.765Z] Platform:      win32
[debug] [2024-06-09T01:06:17.765Z] Node Version:  v22.1.0
[debug] [2024-06-09T01:06:17.766Z] Time:          Sun Jun 09 2024 01:06:17 GMT+0000 (heure moyenne de Greenwich)
[debug] [2024-06-09T01:06:17.766Z] ----------------------------------------------------------------------
[debug] 
[debug] [2024-06-09T01:06:17.935Z] > command requires scopes: ["email","openid","https://www.googleapis.com/auth/cloudplatformprojects.readonly","https://www.googleapis.com/auth/firebase","https://www.googleapis.com/auth/cloud-platform"]
[debug] [2024-06-09T01:06:17.936Z] > authorizing via signed-in user (ibrahimandendesow@esp.sn)
[info] 
     ######## #### ########  ######## ########     ###     ######  ########
     ##        ##  ##     ## ##       ##     ##  ##   ##  ##       ##
     ######    ##  ########  ######   ########  #########  ######  ######
     ##        ##  ##    ##  ##       ##     ## ##     ##       ## ##
     ##       #### ##     ## ######## ########  ##     ##  ######  ########

You're about to initialize a Firebase project in this directory:

  C:\Users\dell\Documents\Master GLSI\IPDL\Projet_IPDL\tola

Before we get started, keep in mind:

  * You are initializing within an existing Firebase project directory

[info] 
=== Project Setup
[info] 
[info] First, let's associate this project directory with a Firebase project.
[info] You can create multiple project aliases by running firebase use --add, 
[info] but for now we'll just set up a default project.
[info] 
[debug] [2024-06-09T01:07:04.268Z] Using project from CLI flag: projetipdl-423f6
[debug] [2024-06-09T01:07:04.275Z] >>> [apiv2][query] GET https://firebase.googleapis.com/v1beta1/projects/projetipdl-423f6 [none]
[debug] [2024-06-09T01:07:05.469Z] <<< [apiv2][status] GET https://firebase.googleapis.com/v1beta1/projects/projetipdl-423f6 200
[debug] [2024-06-09T01:07:05.469Z] <<< [apiv2][body] GET https://firebase.googleapis.com/v1beta1/projects/projetipdl-423f6 {"projectId":"projetipdl-423f6","projectNumber":"615047213817","displayName":"projetipdl","name":"projects/projetipdl-423f6","resources":{"hostingSite":"projetipdl-423f6"},"state":"ACTIVE","etag":"1_d92ac7ac-99b9-4b4c-8ecb-0605c77380df"}
[info] i  Using project projetipdl-423f6 (projetipdl) 
[info] 
=== Database Setup
[info] i  database: ensuring required API firebasedatabase.googleapis.com is enabled... 
[debug] [2024-06-09T01:07:05.482Z] >>> [apiv2][query] GET https://serviceusage.googleapis.com/v1/projects/projetipdl-423f6/services/firebasedatabase.googleapis.com [none]
[debug] [2024-06-09T01:07:05.482Z] >>> [apiv2][(partial)header] GET https://serviceusage.googleapis.com/v1/projects/projetipdl-423f6/services/firebasedatabase.googleapis.com x-goog-quota-user=projects/projetipdl-423f6
[debug] [2024-06-09T01:07:06.628Z] <<< [apiv2][status] GET https://serviceusage.googleapis.com/v1/projects/projetipdl-423f6/services/firebasedatabase.googleapis.com 200
[debug] [2024-06-09T01:07:06.629Z] <<< [apiv2][body] GET https://serviceusage.googleapis.com/v1/projects/projetipdl-423f6/services/firebasedatabase.googleapis.com [omitted]
[warn] !  database: missing required API firebasedatabase.googleapis.com. Enabling now... 
[debug] [2024-06-09T01:07:06.632Z] >>> [apiv2][query] POST https://serviceusage.googleapis.com/v1/projects/projetipdl-423f6/services/firebasedatabase.googleapis.com:enable [none]
[debug] [2024-06-09T01:07:06.632Z] >>> [apiv2][(partial)header] POST https://serviceusage.googleapis.com/v1/projects/projetipdl-423f6/services/firebasedatabase.googleapis.com:enable x-goog-quota-user=projects/projetipdl-423f6
[debug] [2024-06-09T01:07:07.290Z] <<< [apiv2][status] POST https://serviceusage.googleapis.com/v1/projects/projetipdl-423f6/services/firebasedatabase.googleapis.com:enable 200
[debug] [2024-06-09T01:07:07.290Z] <<< [apiv2][body] POST https://serviceusage.googleapis.com/v1/projects/projetipdl-423f6/services/firebasedatabase.googleapis.com:enable [omitted]
[debug] [2024-06-09T01:07:17.294Z] >>> [apiv2][query] GET https://serviceusage.googleapis.com/v1/projects/projetipdl-423f6/services/firebasedatabase.googleapis.com [none]
[debug] [2024-06-09T01:07:17.294Z] >>> [apiv2][(partial)header] GET https://serviceusage.googleapis.com/v1/projects/projetipdl-423f6/services/firebasedatabase.googleapis.com x-goog-quota-user=projects/projetipdl-423f6
[debug] [2024-06-09T01:07:18.313Z] <<< [apiv2][status] GET https://serviceusage.googleapis.com/v1/projects/projetipdl-423f6/services/firebasedatabase.googleapis.com 200
[debug] [2024-06-09T01:07:18.313Z] <<< [apiv2][body] GET https://serviceusage.googleapis.com/v1/projects/projetipdl-423f6/services/firebasedatabase.googleapis.com [omitted]
[info] +  database: required API firebasedatabase.googleapis.com is enabled 
[info] 
[debug] [2024-06-09T01:07:18.320Z] >>> [apiv2][query] GET https://firebase.googleapis.com/v1beta1/projects/projetipdl-423f6 [none]
[debug] [2024-06-09T01:07:19.361Z] <<< [apiv2][status] GET https://firebase.googleapis.com/v1beta1/projects/projetipdl-423f6 200
[debug] [2024-06-09T01:07:19.361Z] <<< [apiv2][body] GET https://firebase.googleapis.com/v1beta1/projects/projetipdl-423f6 {"projectId":"projetipdl-423f6","projectNumber":"615047213817","displayName":"projetipdl","name":"projects/projetipdl-423f6","resources":{"hostingSite":"projetipdl-423f6"},"state":"ACTIVE","etag":"1_d92ac7ac-99b9-4b4c-8ecb-0605c77380df"}
[info] 
[info] Firebase Realtime Database Security Rules allow you to define how your data should be
[info] structured and when your data can be read from and written to.
[info] 
[info] +  Default rules have been written to database.rules.json. 
[info] Future modifications to database.rules.json will update Realtime Database Security Rules when you run
[info] firebase deploy.
[info] 
=== Firestore Setup
[debug] [2024-06-09T01:07:38.874Z] >>> [apiv2][query] GET https://serviceusage.googleapis.com/v1/projects/projetipdl-423f6/services/firestore.googleapis.com [none]
[debug] [2024-06-09T01:07:38.874Z] >>> [apiv2][(partial)header] GET https://serviceusage.googleapis.com/v1/projects/projetipdl-423f6/services/firestore.googleapis.com x-goog-quota-user=projects/projetipdl-423f6
[debug] [2024-06-09T01:07:39.875Z] <<< [apiv2][status] GET https://serviceusage.googleapis.com/v1/projects/projetipdl-423f6/services/firestore.googleapis.com 200
[debug] [2024-06-09T01:07:39.875Z] <<< [apiv2][body] GET https://serviceusage.googleapis.com/v1/projects/projetipdl-423f6/services/firestore.googleapis.com [omitted]
[debug] [2024-06-09T01:07:39.876Z] >>> [apiv2][query] GET https://firestore.googleapis.com/v1/projects/projetipdl-423f6/databases/(default) [none]
[debug] [2024-06-09T01:07:40.889Z] <<< [apiv2][status] GET https://firestore.googleapis.com/v1/projects/projetipdl-423f6/databases/(default) 200
[debug] [2024-06-09T01:07:40.889Z] <<< [apiv2][body] GET https://firestore.googleapis.com/v1/projects/projetipdl-423f6/databases/(default) {"name":"projects/projetipdl-423f6/databases/(default)","uid":"8d82d8c2-42db-40c0-863c-691c7239fb7e","createTime":"2024-06-09T00:45:42.231701Z","updateTime":"2024-06-09T00:45:42.231701Z","locationId":"nam5","type":"FIRESTORE_NATIVE","concurrencyMode":"PESSIMISTIC","versionRetentionPeriod":"3600s","earliestVersionTime":"2024-06-09T00:45:42.231701Z","appEngineIntegrationMode":"DISABLED","keyPrefix":"s","pointInTimeRecoveryEnablement":"POINT_IN_TIME_RECOVERY_DISABLED","deleteProtectionState":"DELETE_PROTECTION_DISABLED","etag":"IJeV88WqzYYDMMLHoOilzYYD"}
[debug] [2024-06-09T01:07:40.890Z] database_type: FIRESTORE_NATIVE
[debug] [2024-06-09T01:07:40.890Z] > command requires scopes: ["email","openid","https://www.googleapis.com/auth/cloudplatformprojects.readonly","https://www.googleapis.com/auth/firebase","https://www.googleapis.com/auth/cloud-platform"]
[debug] [2024-06-09T01:07:40.891Z] > authorizing via signed-in user (ibrahimandendesow@esp.sn)
[debug] [2024-06-09T01:07:40.891Z] [iam] checking project projetipdl-423f6 for permissions ["firebase.projects.get"]
[debug] [2024-06-09T01:07:40.891Z] >>> [apiv2][query] POST https://cloudresourcemanager.googleapis.com/v1/projects/projetipdl-423f6:testIamPermissions [none]
[debug] [2024-06-09T01:07:40.891Z] >>> [apiv2][(partial)header] POST https://cloudresourcemanager.googleapis.com/v1/projects/projetipdl-423f6:testIamPermissions x-goog-quota-user=projects/projetipdl-423f6
[debug] [2024-06-09T01:07:40.892Z] >>> [apiv2][body] POST https://cloudresourcemanager.googleapis.com/v1/projects/projetipdl-423f6:testIamPermissions {"permissions":["firebase.projects.get"]}
[debug] [2024-06-09T01:07:41.895Z] <<< [apiv2][status] POST https://cloudresourcemanager.googleapis.com/v1/projects/projetipdl-423f6:testIamPermissions 200
[debug] [2024-06-09T01:07:41.895Z] <<< [apiv2][body] POST https://cloudresourcemanager.googleapis.com/v1/projects/projetipdl-423f6:testIamPermissions {"permissions":["firebase.projects.get"]}
[info] 
[info] Firestore Security Rules allow you to define how and when to allow
[info] requests. You can keep these rules in your project directory
[info] and publish them with firebase deploy.
[info] 
[debug] [2024-06-09T01:07:46.352Z] >>> [apiv2][query] GET https://firebaserules.googleapis.com/v1/projects/projetipdl-423f6/releases pageSize=10&pageToken=
[debug] [2024-06-09T01:07:47.336Z] <<< [apiv2][status] GET https://firebaserules.googleapis.com/v1/projects/projetipdl-423f6/releases 200
[debug] [2024-06-09T01:07:47.336Z] <<< [apiv2][body] GET https://firebaserules.googleapis.com/v1/projects/projetipdl-423f6/releases {"releases":[{"name":"projects/projetipdl-423f6/releases/cloud.firestore","rulesetName":"projects/projetipdl-423f6/rulesets/d66cb298-17b0-42dc-800b-e52a0292ed60","createTime":"2024-06-09T00:45:54.867076Z","updateTime":"2024-06-09T00:45:54.867076Z"}]}
[debug] [2024-06-09T01:07:47.337Z] Found ruleset: projects/projetipdl-423f6/rulesets/d66cb298-17b0-42dc-800b-e52a0292ed60
[debug] [2024-06-09T01:07:47.337Z] >>> [apiv2][query] GET https://firebaserules.googleapis.com/v1/projects/projetipdl-423f6/rulesets/d66cb298-17b0-42dc-800b-e52a0292ed60 [none]
[debug] [2024-06-09T01:07:48.050Z] <<< [apiv2][status] GET https://firebaserules.googleapis.com/v1/projects/projetipdl-423f6/rulesets/d66cb298-17b0-42dc-800b-e52a0292ed60 200
[debug] [2024-06-09T01:07:48.050Z] <<< [apiv2][body] GET https://firebaserules.googleapis.com/v1/projects/projetipdl-423f6/rulesets/d66cb298-17b0-42dc-800b-e52a0292ed60 [omitted]
[info] 
[info] Firestore indexes allow you to perform complex queries while
[info] maintaining performance that scales with the size of the result
[info] set. You can keep index definitions in your project directory
[info] and publish them with firebase deploy.
[info] 
[debug] [2024-06-09T01:08:04.443Z] >>> [apiv2][query] GET https://firestore.googleapis.com/v1/projects/projetipdl-423f6/databases/(default)/collectionGroups/-/indexes [none]
[debug] [2024-06-09T01:08:04.446Z] >>> [apiv2][query] GET https://firestore.googleapis.com/v1/projects/projetipdl-423f6/databases/(default)/collectionGroups/-/fields?filter=indexConfig.usesAncestorConfig=false OR ttlConfig:* [none]
[debug] [2024-06-09T01:08:05.420Z] <<< [apiv2][status] GET https://firestore.googleapis.com/v1/projects/projetipdl-423f6/databases/(default)/collectionGroups/-/fields?filter=indexConfig.usesAncestorConfig=false OR ttlConfig:* 200
[debug] [2024-06-09T01:08:05.420Z] <<< [apiv2][body] GET https://firestore.googleapis.com/v1/projects/projetipdl-423f6/databases/(default)/collectionGroups/-/fields?filter=indexConfig.usesAncestorConfig=false OR ttlConfig:* {"fields":[{"name":"projects/projetipdl-423f6/databases/(default)/collectionGroups/__default__/fields/*","indexConfig":{"indexes":[{"queryScope":"COLLECTION","fields":[{"fieldPath":"*","order":"ASCENDING"}],"state":"READY"},{"queryScope":"COLLECTION","fields":[{"fieldPath":"*","order":"DESCENDING"}],"state":"READY"},{"queryScope":"COLLECTION","fields":[{"fieldPath":"*","arrayConfig":"CONTAINS"}],"state":"READY"}]}}]}
[debug] [2024-06-09T01:08:05.429Z] <<< [apiv2][status] GET https://firestore.googleapis.com/v1/projects/projetipdl-423f6/databases/(default)/collectionGroups/-/indexes 200
[debug] [2024-06-09T01:08:05.429Z] <<< [apiv2][body] GET https://firestore.googleapis.com/v1/projects/projetipdl-423f6/databases/(default)/collectionGroups/-/indexes {}
[info] 
=== Functions Setup
[debug] [2024-06-09T01:08:05.434Z] > command requires scopes: ["email","openid","https://www.googleapis.com/auth/cloudplatformprojects.readonly","https://www.googleapis.com/auth/firebase","https://www.googleapis.com/auth/cloud-platform"]
[debug] [2024-06-09T01:08:05.434Z] > authorizing via signed-in user (ibrahimandendesow@esp.sn)
[debug] [2024-06-09T01:08:05.434Z] [iam] checking project projetipdl-423f6 for permissions ["firebase.projects.get"]
[debug] [2024-06-09T01:08:05.435Z] >>> [apiv2][query] POST https://cloudresourcemanager.googleapis.com/v1/projects/projetipdl-423f6:testIamPermissions [none]
[debug] [2024-06-09T01:08:05.435Z] >>> [apiv2][(partial)header] POST https://cloudresourcemanager.googleapis.com/v1/projects/projetipdl-423f6:testIamPermissions x-goog-quota-user=projects/projetipdl-423f6
[debug] [2024-06-09T01:08:05.435Z] >>> [apiv2][body] POST https://cloudresourcemanager.googleapis.com/v1/projects/projetipdl-423f6:testIamPermissions {"permissions":["firebase.projects.get"]}
[debug] [2024-06-09T01:08:06.257Z] <<< [apiv2][status] POST https://cloudresourcemanager.googleapis.com/v1/projects/projetipdl-423f6:testIamPermissions 200
[debug] [2024-06-09T01:08:06.257Z] <<< [apiv2][body] POST https://cloudresourcemanager.googleapis.com/v1/projects/projetipdl-423f6:testIamPermissions {"permissions":["firebase.projects.get"]}
[debug] [2024-06-09T01:08:06.258Z] >>> [apiv2][query] GET https://serviceusage.googleapis.com/v1/projects/projetipdl-423f6/services/cloudfunctions.googleapis.com [none]
[debug] [2024-06-09T01:08:06.258Z] >>> [apiv2][(partial)header] GET https://serviceusage.googleapis.com/v1/projects/projetipdl-423f6/services/cloudfunctions.googleapis.com x-goog-quota-user=projects/projetipdl-423f6
[debug] [2024-06-09T01:08:06.260Z] >>> [apiv2][query] GET https://serviceusage.googleapis.com/v1/projects/projetipdl-423f6/services/runtimeconfig.googleapis.com [none]
[debug] [2024-06-09T01:08:06.260Z] >>> [apiv2][(partial)header] GET https://serviceusage.googleapis.com/v1/projects/projetipdl-423f6/services/runtimeconfig.googleapis.com x-goog-quota-user=projects/projetipdl-423f6
[debug] [2024-06-09T01:08:07.294Z] <<< [apiv2][status] GET https://serviceusage.googleapis.com/v1/projects/projetipdl-423f6/services/runtimeconfig.googleapis.com 200
[debug] [2024-06-09T01:08:07.295Z] <<< [apiv2][body] GET https://serviceusage.googleapis.com/v1/projects/projetipdl-423f6/services/runtimeconfig.googleapis.com [omitted]
[debug] [2024-06-09T01:08:07.296Z] <<< [apiv2][status] GET https://serviceusage.googleapis.com/v1/projects/projetipdl-423f6/services/cloudfunctions.googleapis.com 200
[debug] [2024-06-09T01:08:07.296Z] <<< [apiv2][body] GET https://serviceusage.googleapis.com/v1/projects/projetipdl-423f6/services/cloudfunctions.googleapis.com [omitted]
[debug] [2024-06-09T01:08:07.296Z] >>> [apiv2][query] POST https://serviceusage.googleapis.com/v1/projects/projetipdl-423f6/services/cloudfunctions.googleapis.com:enable [none]
[debug] [2024-06-09T01:08:07.297Z] >>> [apiv2][(partial)header] POST https://serviceusage.googleapis.com/v1/projects/projetipdl-423f6/services/cloudfunctions.googleapis.com:enable x-goog-quota-user=projects/projetipdl-423f6
[debug] [2024-06-09T01:08:08.456Z] <<< [apiv2][status] POST https://serviceusage.googleapis.com/v1/projects/projetipdl-423f6/services/cloudfunctions.googleapis.com:enable 200
[debug] [2024-06-09T01:08:08.457Z] <<< [apiv2][body] POST https://serviceusage.googleapis.com/v1/projects/projetipdl-423f6/services/cloudfunctions.googleapis.com:enable [omitted]
[debug] [2024-06-09T01:08:18.459Z] >>> [apiv2][query] GET https://serviceusage.googleapis.com/v1/projects/projetipdl-423f6/services/cloudfunctions.googleapis.com [none]
[debug] [2024-06-09T01:08:18.460Z] >>> [apiv2][(partial)header] GET https://serviceusage.googleapis.com/v1/projects/projetipdl-423f6/services/cloudfunctions.googleapis.com x-goog-quota-user=projects/projetipdl-423f6
[debug] [2024-06-09T01:08:19.460Z] <<< [apiv2][status] GET https://serviceusage.googleapis.com/v1/projects/projetipdl-423f6/services/cloudfunctions.googleapis.com 200
[debug] [2024-06-09T01:08:19.460Z] <<< [apiv2][body] GET https://serviceusage.googleapis.com/v1/projects/projetipdl-423f6/services/cloudfunctions.googleapis.com [omitted]
[info] Let's create a new codebase for your functions.
[info] A directory corresponding to the codebase will be created in your project
[info] with sample code pre-configured.

[info] See https://firebase.google.com/docs/functions/organize-functions for
[info] more information on organizing your functions using codebases.

[info] Functions can be deployed with firebase deploy.

[info] +  Wrote functions/package.json 
[info] +  Wrote functions/.eslintrc.js 
[info] +  Wrote functions/index.js 
[info] +  Wrote functions/.gitignore 
[info] 
=== Hosting Setup
[debug] [2024-06-09T01:10:23.096Z] >>> [apiv2][query] GET https://firebase.googleapis.com/v1beta1/projects/projetipdl-423f6 [none]
[debug] [2024-06-09T01:10:24.123Z] <<< [apiv2][status] GET https://firebase.googleapis.com/v1beta1/projects/projetipdl-423f6 200
[debug] [2024-06-09T01:10:24.124Z] <<< [apiv2][body] GET https://firebase.googleapis.com/v1beta1/projects/projetipdl-423f6 {"projectId":"projetipdl-423f6","projectNumber":"615047213817","displayName":"projetipdl","name":"projects/projetipdl-423f6","resources":{"hostingSite":"projetipdl-423f6"},"state":"ACTIVE","etag":"1_d92ac7ac-99b9-4b4c-8ecb-0605c77380df"}
[info] 
[info] Your public directory is the folder (relative to your project directory) that
[info] will contain Hosting assets to be uploaded with firebase deploy. If you
[info] have a build process for your assets, use your build's output directory.
[info] 
